---------------------------------------------------------------
[ 2017-12-26T15:31:17+08:00 ] 127.0.0.1 127.0.0.1 GET /user/test
[ info ] y.cn/user/test [运行时间：0.027125s][吞吐率：36.87req/s] [内存消耗：1,947.19kb] [文件加载：31]
[ info ] [ BEHAVIOR ] Run app\api\behavior\CORS @app_init [ RunTime:0.000729s ]
[ info ] [ LANG ] E:\www\3Fire-API\thinkphp\lang\zh-cn.php
[ info ] [ ROUTE ] array (
  'type' => 'module',
  'module' => 
  array (
    0 => 'user',
    1 => 'test',
    2 => NULL,
  ),
)
[ info ] [ HEADER ] array (
  'token' => 'f55b5ee2f9fce2952057b273cd7bc885',
  'cache-control' => 'no-cache',
  'postman-token' => '3c69568e-6ba8-4231-a488-0f714f2424db',
  'user-agent' => 'PostmanRuntime/7.1.1',
  'accept' => '*/*',
  'host' => 'y.cn',
  'cookie' => 'PHPSESSID=su9q6234b4u2782kkav09f3cc4',
  'accept-encoding' => 'gzip, deflate',
  'connection' => 'keep-alive',
)
[ info ] [ PARAM ] array (
)
[ info ] [ LOG ] INIT File
---------------------------------------------------------------
[ 2017-12-26T15:31:23+08:00 ] 127.0.0.1 127.0.0.1 GET /api/user/test
[ info ] y.cn/api/user/test [运行时间：0.031018s][吞吐率：32.24req/s] [内存消耗：1,979.34kb] [文件加载：34]
[ info ] [ BEHAVIOR ] Run app\api\behavior\CORS @app_init [ RunTime:0.000689s ]
[ info ] [ LANG ] E:\www\3Fire-API\thinkphp\lang\zh-cn.php
[ info ] [ ROUTE ] array (
  'type' => 'module',
  'module' => 
  array (
    0 => 'api',
    1 => 'v1.User',
    2 => 'test',
  ),
  'convert' => false,
)
[ info ] [ HEADER ] array (
  'token' => 'f55b5ee2f9fce2952057b273cd7bc885',
  'cache-control' => 'no-cache',
  'postman-token' => 'ebef32cb-bf68-4dd0-b3ed-fbb951a212cc',
  'user-agent' => 'PostmanRuntime/7.1.1',
  'accept' => '*/*',
  'host' => 'y.cn',
  'cookie' => 'PHPSESSID=su9q6234b4u2782kkav09f3cc4',
  'accept-encoding' => 'gzip, deflate',
  'connection' => 'keep-alive',
)
[ info ] [ PARAM ] array (
)
[ info ] [ LOG ] INIT File
---------------------------------------------------------------
[ 2017-12-26T15:31:48+08:00 ] 127.0.0.1 127.0.0.1 GET /api/user/test
[ info ] y.cn/api/user/test [运行时间：0.023262s][吞吐率：42.99req/s] [内存消耗：2,082.94kb] [文件加载：38]
[ info ] [ BEHAVIOR ] Run app\api\behavior\CORS @app_init [ RunTime:0.000688s ]
[ info ] [ LANG ] E:\www\3Fire-API\thinkphp\lang\zh-cn.php
[ info ] [ ROUTE ] array (
  'type' => 'module',
  'module' => 
  array (
    0 => 'api',
    1 => 'v1.User',
    2 => 'test',
  ),
  'convert' => false,
)
[ info ] [ HEADER ] array (
  'token' => 'f55b5ee2f9fce2952057b273cd7bc885',
  'cache-control' => 'no-cache',
  'postman-token' => '486ccfe3-e2bb-48b5-baa3-44967c4b0d1c',
  'user-agent' => 'PostmanRuntime/7.1.1',
  'accept' => '*/*',
  'host' => 'y.cn',
  'cookie' => 'PHPSESSID=su9q6234b4u2782kkav09f3cc4',
  'accept-encoding' => 'gzip, deflate',
  'connection' => 'keep-alive',
)
[ info ] [ PARAM ] array (
)
[ info ] [ LOG ] INIT File
---------------------------------------------------------------
[ 2017-12-26T15:31:57+08:00 ] 127.0.0.1 127.0.0.1 GET /api/user/test
[ info ] y.cn/api/user/test [运行时间：0.025942s][吞吐率：38.55req/s] [内存消耗：1,995.58kb] [文件加载：35]
[ info ] [ BEHAVIOR ] Run app\api\behavior\CORS @app_init [ RunTime:0.000677s ]
[ info ] [ LANG ] E:\www\3Fire-API\thinkphp\lang\zh-cn.php
[ info ] [ ROUTE ] array (
  'type' => 'module',
  'module' => 
  array (
    0 => 'api',
    1 => 'v1.User',
    2 => 'test',
  ),
  'convert' => false,
)
[ info ] [ HEADER ] array (
  'token' => 'f55b5ee2f9fce2952057b273cd7bc885',
  'cache-control' => 'no-cache',
  'postman-token' => '410e8c1b-0ec7-4240-813d-4f8c1fa8e5db',
  'user-agent' => 'PostmanRuntime/7.1.1',
  'accept' => '*/*',
  'host' => 'y.cn',
  'cookie' => 'PHPSESSID=su9q6234b4u2782kkav09f3cc4',
  'accept-encoding' => 'gzip, deflate',
  'connection' => 'keep-alive',
)
[ info ] [ PARAM ] array (
)
[ info ] [ LOG ] INIT File
[ error ] [1]Class 'app\api\controller\v1\BaseController' not found[E:\www\3Fire-API\application\api\controller\v1\User.php:15]
---------------------------------------------------------------
[ 2017-12-26T15:35:36+08:00 ] 127.0.0.1 127.0.0.1 GET /api/user/test
[ info ] y.cn/api/user/test [运行时间：0.029133s][吞吐率：34.33req/s] [内存消耗：1,977.71kb] [文件加载：34]
[ info ] [ BEHAVIOR ] Run app\api\behavior\CORS @app_init [ RunTime:0.000834s ]
[ info ] [ LANG ] E:\www\3Fire-API\thinkphp\lang\zh-cn.php
[ info ] [ ROUTE ] array (
  'type' => 'module',
  'module' => 
  array (
    0 => 'api',
    1 => 'user',
    2 => 'test',
  ),
)
[ info ] [ HEADER ] array (
  'token' => 'f55b5ee2f9fce2952057b273cd7bc885',
  'cache-control' => 'no-cache',
  'postman-token' => 'd6a4fea8-4c14-41f8-a0b3-0c0c040dc32a',
  'user-agent' => 'PostmanRuntime/7.1.1',
  'accept' => '*/*',
  'host' => 'y.cn',
  'cookie' => 'PHPSESSID=su9q6234b4u2782kkav09f3cc4',
  'accept-encoding' => 'gzip, deflate',
  'connection' => 'keep-alive',
)
[ info ] [ PARAM ] array (
)
[ info ] [ LOG ] INIT File
---------------------------------------------------------------
[ 2017-12-26T15:37:15+08:00 ] 127.0.0.1 127.0.0.1 GET /api/test
[ info ] y.cn/api/test [运行时间：0.038024s][吞吐率：26.30req/s] [内存消耗：4,436.37kb] [文件加载：51]
[ info ] [ BEHAVIOR ] Run app\api\behavior\CORS @app_init [ RunTime:0.000592s ]
[ info ] [ LANG ] E:\www\3Fire-API\thinkphp\lang\zh-cn.php
[ info ] [ ROUTE ] array (
  'type' => 'module',
  'module' => 
  array (
    0 => 'api',
    1 => 'v1.Test',
    2 => 'test',
  ),
  'convert' => false,
)
[ info ] [ HEADER ] array (
  'token' => 'f55b5ee2f9fce2952057b273cd7bc885',
  'cache-control' => 'no-cache',
  'postman-token' => 'e84f7915-8e5e-42a2-9f97-4653a7cd8f92',
  'user-agent' => 'PostmanRuntime/7.1.1',
  'accept' => '*/*',
  'host' => 'y.cn',
  'cookie' => 'PHPSESSID=su9q6234b4u2782kkav09f3cc4',
  'accept-encoding' => 'gzip, deflate',
  'connection' => 'keep-alive',
)
[ info ] [ PARAM ] array (
)
[ info ] [ RUN ] app\api\controller\v1\Test->test[ E:\www\3Fire-API\application\api\controller\v1\Test.php ]
[ info ] [ DB ] INIT mysql
[ info ] [ LOG ] INIT File
[ error ] [0]method not exist:think\db\Query->userGroup[E:\www\3Fire-API\thinkphp\library\think\db\Query.php:94]
---------------------------------------------------------------
[ 2017-12-26T15:37:34+08:00 ] 127.0.0.1 127.0.0.1 GET /api/test
[ info ] y.cn/api/test [运行时间：0.067426s][吞吐率：14.83req/s] [内存消耗：4,692.70kb] [文件加载：57]
[ info ] [ BEHAVIOR ] Run app\api\behavior\CORS @app_init [ RunTime:0.000564s ]
[ info ] [ LANG ] E:\www\3Fire-API\thinkphp\lang\zh-cn.php
[ info ] [ ROUTE ] array (
  'type' => 'module',
  'module' => 
  array (
    0 => 'api',
    1 => 'v1.Test',
    2 => 'test',
  ),
  'convert' => false,
)
[ info ] [ HEADER ] array (
  'token' => 'f55b5ee2f9fce2952057b273cd7bc885',
  'cache-control' => 'no-cache',
  'postman-token' => '3d445277-3ee3-43b0-9bbd-2d606acdb3da',
  'user-agent' => 'PostmanRuntime/7.1.1',
  'accept' => '*/*',
  'host' => 'y.cn',
  'cookie' => 'PHPSESSID=su9q6234b4u2782kkav09f3cc4',
  'accept-encoding' => 'gzip, deflate',
  'connection' => 'keep-alive',
)
[ info ] [ PARAM ] array (
)
[ info ] [ RUN ] app\api\controller\v1\Test->test[ E:\www\3Fire-API\application\api\controller\v1\Test.php ]
[ info ] [ DB ] INIT mysql
[ info ] [ LOG ] INIT File
[ sql ] [ DB ] CONNECT:[ UseTime:0.000487s ] mysql:host=127.0.0.1;dbname=3fire;charset=utf8
[ sql ] [ SQL ] SHOW COLUMNS FROM `user` [ RunTime:0.006849s ]
[ sql ] [ SQL ] SELECT * FROM `user` WHERE (  `id` = 1 ) AND `user`.`delete_time` IS NULL LIMIT 1 [ RunTime:0.000331s ]
[ sql ] [ SQL ] SHOW COLUMNS FROM `user_group` [ RunTime:0.006757s ]
[ error ] [10501]SQLSTATE[42S22]: Column not found: 1054 Unknown column 'group_id' in 'where clause'[E:\www\3Fire-API\thinkphp\library\think\db\Connection.php:388]
---------------------------------------------------------------
[ 2017-12-26T15:40:34+08:00 ] 127.0.0.1 127.0.0.1 GET /api/test
[ info ] y.cn/api/test [运行时间：0.073040s][吞吐率：13.69req/s] [内存消耗：4,695.82kb] [文件加载：57]
[ info ] [ BEHAVIOR ] Run app\api\behavior\CORS @app_init [ RunTime:0.000569s ]
[ info ] [ LANG ] E:\www\3Fire-API\thinkphp\lang\zh-cn.php
[ info ] [ ROUTE ] array (
  'type' => 'module',
  'module' => 
  array (
    0 => 'api',
    1 => 'v1.Test',
    2 => 'test',
  ),
  'convert' => false,
)
[ info ] [ HEADER ] array (
  'token' => 'f55b5ee2f9fce2952057b273cd7bc885',
  'cache-control' => 'no-cache',
  'postman-token' => 'b3706120-4752-4507-a761-29c093e5e47e',
  'user-agent' => 'PostmanRuntime/7.1.1',
  'accept' => '*/*',
  'host' => 'y.cn',
  'cookie' => 'PHPSESSID=su9q6234b4u2782kkav09f3cc4',
  'accept-encoding' => 'gzip, deflate',
  'connection' => 'keep-alive',
)
[ info ] [ PARAM ] array (
)
[ info ] [ RUN ] app\api\controller\v1\Test->test[ E:\www\3Fire-API\application\api\controller\v1\Test.php ]
[ info ] [ DB ] INIT mysql
[ info ] [ LOG ] INIT File
[ sql ] [ DB ] CONNECT:[ UseTime:0.009733s ] mysql:host=127.0.0.1;dbname=3fire;charset=utf8
[ sql ] [ SQL ] SHOW COLUMNS FROM `user` [ RunTime:0.006912s ]
[ sql ] [ SQL ] SELECT * FROM `user` WHERE  `status` = 1  AND `id` = 2 LIMIT 1 [ RunTime:0.000362s ]
[ sql ] [ SQL ] SHOW COLUMNS FROM `user_group` [ RunTime:0.006901s ]
[ error ] [10501]SQLSTATE[42S22]: Column not found: 1054 Unknown column 'status' in 'where clause'[E:\www\3Fire-API\thinkphp\library\think\db\Connection.php:388]
---------------------------------------------------------------
[ 2017-12-26T15:41:46+08:00 ] 127.0.0.1 127.0.0.1 GET /api/test
[ info ] y.cn/api/test [运行时间：0.056856s][吞吐率：17.59req/s] [内存消耗：4,685.43kb] [文件加载：57]
[ info ] [ BEHAVIOR ] Run app\api\behavior\CORS @app_init [ RunTime:0.000727s ]
[ info ] [ LANG ] E:\www\3Fire-API\thinkphp\lang\zh-cn.php
[ info ] [ ROUTE ] array (
  'type' => 'module',
  'module' => 
  array (
    0 => 'api',
    1 => 'v1.Test',
    2 => 'test',
  ),
  'convert' => false,
)
[ info ] [ HEADER ] array (
  'token' => 'f55b5ee2f9fce2952057b273cd7bc885',
  'cache-control' => 'no-cache',
  'postman-token' => 'f1e0a284-fac0-412b-9c79-6ef98ef7588a',
  'user-agent' => 'PostmanRuntime/7.1.1',
  'accept' => '*/*',
  'host' => 'y.cn',
  'cookie' => 'PHPSESSID=su9q6234b4u2782kkav09f3cc4',
  'accept-encoding' => 'gzip, deflate',
  'connection' => 'keep-alive',
)
[ info ] [ PARAM ] array (
)
[ info ] [ RUN ] app\api\controller\v1\Test->test[ E:\www\3Fire-API\application\api\controller\v1\Test.php ]
[ info ] [ DB ] INIT mysql
[ info ] [ LOG ] INIT File
[ sql ] [ DB ] CONNECT:[ UseTime:0.000473s ] mysql:host=127.0.0.1;dbname=3fire;charset=utf8
[ sql ] [ SQL ] SHOW COLUMNS FROM `user` [ RunTime:0.006882s ]
[ error ] [10501]SQLSTATE[42S22]: Column not found: 1054 Unknown column '' in 'field list'[E:\www\3Fire-API\thinkphp\library\think\db\Connection.php:388]
---------------------------------------------------------------
[ 2017-12-26T16:17:08+08:00 ] 127.0.0.1 127.0.0.1 GET /api/user/login
[ info ] y.cn/api/user/login [运行时间：0.028124s][吞吐率：35.56req/s] [内存消耗：1,979.55kb] [文件加载：34]
[ info ] [ BEHAVIOR ] Run app\api\behavior\CORS @app_init [ RunTime:0.001066s ]
[ info ] [ LANG ] E:\www\3Fire-API\thinkphp\lang\zh-cn.php
[ info ] [ ROUTE ] array (
  'type' => 'module',
  'module' => 
  array (
    0 => 'api',
    1 => 'user',
    2 => 'login',
  ),
)
[ info ] [ HEADER ] array (
  'token' => 'f55b5ee2f9fce2952057b273cd7bc885',
  'cache-control' => 'no-cache',
  'postman-token' => '4f416631-7dc3-42ba-b5fd-a2c863594536',
  'user-agent' => 'PostmanRuntime/7.1.1',
  'accept' => '*/*',
  'host' => 'y.cn',
  'cookie' => 'PHPSESSID=su9q6234b4u2782kkav09f3cc4',
  'accept-encoding' => 'gzip, deflate',
  'connection' => 'keep-alive',
)
[ info ] [ PARAM ] array (
)
[ info ] [ LOG ] INIT File
---------------------------------------------------------------
[ 2017-12-26T16:17:11+08:00 ] 127.0.0.1 127.0.0.1 POST /api/user/login
[ info ] y.cn/api/user/login [运行时间：0.041803s][吞吐率：23.92req/s] [内存消耗：2,881.84kb] [文件加载：46]
[ info ] [ BEHAVIOR ] Run app\api\behavior\CORS @app_init [ RunTime:0.000788s ]
[ info ] [ LANG ] E:\www\3Fire-API\thinkphp\lang\zh-cn.php
[ info ] [ ROUTE ] array (
  'type' => 'module',
  'module' => 
  array (
    0 => 'api',
    1 => 'v1.User',
    2 => 'login',
  ),
  'convert' => false,
)
[ info ] [ HEADER ] array (
  'token' => 'f55b5ee2f9fce2952057b273cd7bc885',
  'cache-control' => 'no-cache',
  'postman-token' => '4ae1f839-8e7e-4ead-bbce-636ce572bd33',
  'user-agent' => 'PostmanRuntime/7.1.1',
  'accept' => '*/*',
  'host' => 'y.cn',
  'cookie' => 'PHPSESSID=su9q6234b4u2782kkav09f3cc4',
  'accept-encoding' => 'gzip, deflate',
  'content-length' => '0',
  'connection' => 'keep-alive',
)
[ info ] [ PARAM ] array (
)
[ info ] [ RUN ] app\api\controller\v1\User->login[ E:\www\3Fire-API\application\api\controller\v1\User.php ]
[ info ] [ LOG ] INIT File
[ error ] [400][E:\www\3Fire-API\application\api\validate\BaseValidate.php:37]
---------------------------------------------------------------
[ 2017-12-26T16:17:22+08:00 ] 127.0.0.1 127.0.0.1 POST /api/user/login
[ info ] y.cn/api/user/login [运行时间：0.054162s][吞吐率：18.46req/s] [内存消耗：5,123.07kb] [文件加载：62]
[ info ] [ BEHAVIOR ] Run app\api\behavior\CORS @app_init [ RunTime:0.000503s ]
[ info ] [ LANG ] E:\www\3Fire-API\thinkphp\lang\zh-cn.php
[ info ] [ ROUTE ] array (
  'type' => 'module',
  'module' => 
  array (
    0 => 'api',
    1 => 'v1.User',
    2 => 'login',
  ),
  'convert' => false,
)
[ info ] [ HEADER ] array (
  'token' => 'f55b5ee2f9fce2952057b273cd7bc885',
  'cache-control' => 'no-cache',
  'postman-token' => '6dfe836e-a11e-4f5f-b697-d8a4457d8b2d',
  'user-agent' => 'PostmanRuntime/7.1.1',
  'accept' => '*/*',
  'host' => 'y.cn',
  'cookie' => 'PHPSESSID=su9q6234b4u2782kkav09f3cc4',
  'accept-encoding' => 'gzip, deflate',
  'content-type' => 'multipart/form-data; boundary=--------------------------723973102113778684390893',
  'content-length' => '278',
  'connection' => 'keep-alive',
)
[ info ] [ PARAM ] array (
  'username' => 'admin',
  'password' => '123',
)
[ info ] [ RUN ] app\api\controller\v1\User->login[ E:\www\3Fire-API\application\api\controller\v1\User.php ]
[ info ] [ DB ] INIT mysql
[ info ] [ LOG ] INIT File
[ sql ] [ DB ] CONNECT:[ UseTime:0.000578s ] mysql:host=127.0.0.1;dbname=3fire;charset=utf8
[ sql ] [ SQL ] SHOW COLUMNS FROM `user` [ RunTime:0.006757s ]
[ sql ] [ SQL ] SELECT * FROM `user` WHERE  `status` = 1  AND `username` = 'admin'  AND `password` = '6c3b24dab6ea540e2830ca178f668169' LIMIT 1 [ RunTime:0.000375s ]
[ error ] [401][E:\www\3Fire-API\application\api\service\AppToken.php:23]
---------------------------------------------------------------
[ 2017-12-26T16:17:30+08:00 ] 127.0.0.1 127.0.0.1 POST /api/user/login
[ info ] y.cn/api/user/login [运行时间：0.060718s][吞吐率：16.47req/s] [内存消耗：5,238.73kb] [文件加载：64]
[ info ] [ BEHAVIOR ] Run app\api\behavior\CORS @app_init [ RunTime:0.000490s ]
[ info ] [ LANG ] E:\www\3Fire-API\thinkphp\lang\zh-cn.php
[ info ] [ ROUTE ] array (
  'type' => 'module',
  'module' => 
  array (
    0 => 'api',
    1 => 'v1.User',
    2 => 'login',
  ),
  'convert' => false,
)
[ info ] [ HEADER ] array (
  'token' => 'f55b5ee2f9fce2952057b273cd7bc885',
  'cache-control' => 'no-cache',
  'postman-token' => 'ee1f5255-a377-4237-a9d4-5aef97c174cd',
  'user-agent' => 'PostmanRuntime/7.1.1',
  'accept' => '*/*',
  'host' => 'y.cn',
  'cookie' => 'PHPSESSID=su9q6234b4u2782kkav09f3cc4',
  'accept-encoding' => 'gzip, deflate',
  'content-type' => 'multipart/form-data; boundary=--------------------------225890069997759712608797',
  'content-length' => '280',
  'connection' => 'keep-alive',
)
[ info ] [ PARAM ] array (
  'username' => 'admin',
  'password' => 'admin',
)
[ info ] [ RUN ] app\api\controller\v1\User->login[ E:\www\3Fire-API\application\api\controller\v1\User.php ]
[ info ] [ DB ] INIT mysql
[ info ] [ SESSION ] INIT array (
  'prefix' => '3fire-api',
  'auto_start' => true,
  'expire' => 7200,
)
[ info ] [ LOG ] INIT File
[ sql ] [ DB ] CONNECT:[ UseTime:0.000438s ] mysql:host=127.0.0.1;dbname=3fire;charset=utf8
[ sql ] [ SQL ] SHOW COLUMNS FROM `user` [ RunTime:0.006875s ]
[ sql ] [ SQL ] SELECT * FROM `user` WHERE  `status` = 1  AND `username` = 'admin'  AND `password` = '950ada08695e0ea06e4e2406ce4373b9' LIMIT 1 [ RunTime:0.000334s ]
[ sql ] [ SQL ] SHOW COLUMNS FROM `user_group` [ RunTime:0.006974s ]
[ sql ] [ SQL ] SELECT * FROM `user_group` WHERE (  `id` = 1 ) AND `user_group`.`delete_time` IS NULL [ RunTime:0.000313s ]
[ error ] [401][E:\www\3Fire-API\application\api\service\AppToken.php:45]
---------------------------------------------------------------
[ 2017-12-26T16:26:12+08:00 ] 127.0.0.1 127.0.0.1 POST /api/user/login
[ info ] y.cn/api/user/login [运行时间：0.066260s][吞吐率：15.09req/s] [内存消耗：5,253.30kb] [文件加载：63]
[ info ] [ BEHAVIOR ] Run app\api\behavior\CORS @app_init [ RunTime:0.000674s ]
[ info ] [ LANG ] E:\www\3Fire-API\thinkphp\lang\zh-cn.php
[ info ] [ ROUTE ] array (
  'type' => 'module',
  'module' => 
  array (
    0 => 'api',
    1 => 'v1.User',
    2 => 'login',
  ),
  'convert' => false,
)
[ info ] [ HEADER ] array (
  'token' => 'f55b5ee2f9fce2952057b273cd7bc885',
  'cache-control' => 'no-cache',
  'postman-token' => 'b3b53b3f-8e74-4082-9963-1e3be03d6de0',
  'user-agent' => 'PostmanRuntime/7.1.1',
  'accept' => '*/*',
  'host' => 'y.cn',
  'cookie' => 'PHPSESSID=su9q6234b4u2782kkav09f3cc4',
  'accept-encoding' => 'gzip, deflate',
  'content-type' => 'multipart/form-data; boundary=--------------------------992130603847569802790912',
  'content-length' => '280',
  'connection' => 'keep-alive',
)
[ info ] [ PARAM ] array (
  'username' => 'admin',
  'password' => 'admin',
)
[ info ] [ RUN ] app\api\controller\v1\User->login[ E:\www\3Fire-API\application\api\controller\v1\User.php ]
[ info ] [ DB ] INIT mysql
[ info ] [ LOG ] INIT File
[ sql ] [ DB ] CONNECT:[ UseTime:0.000554s ] mysql:host=127.0.0.1;dbname=3fire;charset=utf8
[ sql ] [ SQL ] SHOW COLUMNS FROM `user` [ RunTime:0.006998s ]
[ sql ] [ SQL ] SELECT * FROM `user` WHERE  `status` = 1  AND `username` = 'admin'  AND `password` = '950ada08695e0ea06e4e2406ce4373b9' LIMIT 1 [ RunTime:0.000352s ]
[ sql ] [ SQL ] SHOW COLUMNS FROM `user_group` [ RunTime:0.006976s ]
[ sql ] [ SQL ] SELECT * FROM `user_group` WHERE (  `id` = 1 ) AND `user_group`.`delete_time` IS NULL [ RunTime:0.000290s ]
[ error ] [1]Using $this when not in object context[E:\www\3Fire-API\application\api\service\AppToken.php:41]
---------------------------------------------------------------
[ 2017-12-26T16:26:32+08:00 ] 127.0.0.1 127.0.0.1 POST /api/user/login
[ info ] y.cn/api/user/login [运行时间：0.072736s][吞吐率：13.75req/s] [内存消耗：5,253.73kb] [文件加载：63]
[ info ] [ BEHAVIOR ] Run app\api\behavior\CORS @app_init [ RunTime:0.000590s ]
[ info ] [ LANG ] E:\www\3Fire-API\thinkphp\lang\zh-cn.php
[ info ] [ ROUTE ] array (
  'type' => 'module',
  'module' => 
  array (
    0 => 'api',
    1 => 'v1.User',
    2 => 'login',
  ),
  'convert' => false,
)
[ info ] [ HEADER ] array (
  'token' => 'f55b5ee2f9fce2952057b273cd7bc885',
  'cache-control' => 'no-cache',
  'postman-token' => '9570183f-7ce6-4227-bc56-d28c0b04808e',
  'user-agent' => 'PostmanRuntime/7.1.1',
  'accept' => '*/*',
  'host' => 'y.cn',
  'cookie' => 'PHPSESSID=su9q6234b4u2782kkav09f3cc4',
  'accept-encoding' => 'gzip, deflate',
  'content-type' => 'multipart/form-data; boundary=--------------------------211123705709840229365297',
  'content-length' => '280',
  'connection' => 'keep-alive',
)
[ info ] [ PARAM ] array (
  'username' => 'admin',
  'password' => 'admin',
)
[ info ] [ RUN ] app\api\controller\v1\User->login[ E:\www\3Fire-API\application\api\controller\v1\User.php ]
[ info ] [ DB ] INIT mysql
[ info ] [ LOG ] INIT File
[ sql ] [ DB ] CONNECT:[ UseTime:0.000443s ] mysql:host=127.0.0.1;dbname=3fire;charset=utf8
[ sql ] [ SQL ] SHOW COLUMNS FROM `user` [ RunTime:0.006798s ]
[ sql ] [ SQL ] SELECT * FROM `user` WHERE  `status` = 1  AND `username` = 'admin'  AND `password` = '950ada08695e0ea06e4e2406ce4373b9' LIMIT 1 [ RunTime:0.000320s ]
[ sql ] [ SQL ] SHOW COLUMNS FROM `user_group` [ RunTime:0.008628s ]
[ sql ] [ SQL ] SELECT * FROM `user_group` WHERE (  `id` = 1 ) AND `user_group`.`delete_time` IS NULL [ RunTime:0.000266s ]
[ error ] [1]Using $this when not in object context[E:\www\3Fire-API\application\api\service\AppToken.php:41]
---------------------------------------------------------------
[ 2017-12-26T16:26:33+08:00 ] 127.0.0.1 127.0.0.1 POST /api/user/login
[ info ] y.cn/api/user/login [运行时间：0.069136s][吞吐率：14.46req/s] [内存消耗：5,253.73kb] [文件加载：63]
[ info ] [ BEHAVIOR ] Run app\api\behavior\CORS @app_init [ RunTime:0.000589s ]
[ info ] [ LANG ] E:\www\3Fire-API\thinkphp\lang\zh-cn.php
[ info ] [ ROUTE ] array (
  'type' => 'module',
  'module' => 
  array (
    0 => 'api',
    1 => 'v1.User',
    2 => 'login',
  ),
  'convert' => false,
)
[ info ] [ HEADER ] array (
  'token' => 'f55b5ee2f9fce2952057b273cd7bc885',
  'cache-control' => 'no-cache',
  'postman-token' => 'e875ebd2-5e6d-4a8c-8176-e7f3a1a93a2c',
  'user-agent' => 'PostmanRuntime/7.1.1',
  'accept' => '*/*',
  'host' => 'y.cn',
  'cookie' => 'PHPSESSID=su9q6234b4u2782kkav09f3cc4',
  'accept-encoding' => 'gzip, deflate',
  'content-type' => 'multipart/form-data; boundary=--------------------------240960876468769454917871',
  'content-length' => '280',
  'connection' => 'keep-alive',
)
[ info ] [ PARAM ] array (
  'username' => 'admin',
  'password' => 'admin',
)
[ info ] [ RUN ] app\api\controller\v1\User->login[ E:\www\3Fire-API\application\api\controller\v1\User.php ]
[ info ] [ DB ] INIT mysql
[ info ] [ LOG ] INIT File
[ sql ] [ DB ] CONNECT:[ UseTime:0.000510s ] mysql:host=127.0.0.1;dbname=3fire;charset=utf8
[ sql ] [ SQL ] SHOW COLUMNS FROM `user` [ RunTime:0.007689s ]
[ sql ] [ SQL ] SELECT * FROM `user` WHERE  `status` = 1  AND `username` = 'admin'  AND `password` = '950ada08695e0ea06e4e2406ce4373b9' LIMIT 1 [ RunTime:0.000406s ]
[ sql ] [ SQL ] SHOW COLUMNS FROM `user_group` [ RunTime:0.007513s ]
[ sql ] [ SQL ] SELECT * FROM `user_group` WHERE (  `id` = 1 ) AND `user_group`.`delete_time` IS NULL [ RunTime:0.000424s ]
[ error ] [1]Using $this when not in object context[E:\www\3Fire-API\application\api\service\AppToken.php:41]
---------------------------------------------------------------
[ 2017-12-26T16:27:35+08:00 ] 127.0.0.1 127.0.0.1 POST /api/user/info
[ info ] y.cn/api/user/info [运行时间：0.028811s][吞吐率：34.71req/s] [内存消耗：2,577.33kb] [文件加载：45]
[ info ] [ BEHAVIOR ] Run app\api\behavior\CORS @app_init [ RunTime:0.001066s ]
[ info ] [ LANG ] E:\www\3Fire-API\thinkphp\lang\zh-cn.php
[ info ] [ ROUTE ] array (
  'type' => 'module',
  'module' => 
  array (
    0 => 'api',
    1 => 'v1.User',
    2 => 'info',
  ),
  'convert' => false,
)
[ info ] [ HEADER ] array (
  'token' => 'f55b5ee2f9fce2952057b273cd7bc885',
  'cache-control' => 'no-cache',
  'postman-token' => 'bcdd26a6-753a-4a46-a5e7-9c0c9903c05c',
  'user-agent' => 'PostmanRuntime/7.1.1',
  'accept' => '*/*',
  'host' => 'y.cn',
  'cookie' => 'PHPSESSID=su9q6234b4u2782kkav09f3cc4',
  'accept-encoding' => 'gzip, deflate',
  'content-type' => 'multipart/form-data; boundary=--------------------------754026712356832379149301',
  'content-length' => '280',
  'connection' => 'keep-alive',
)
[ info ] [ PARAM ] array (
  'username' => 'admin',
  'password' => 'admin',
)
[ info ] [ RUN ] app\api\controller\v1\User->info[ E:\www\3Fire-API\application\api\controller\v1\User.php ]
[ info ] [ SESSION ] INIT array (
  'prefix' => '3fire-api',
  'auto_start' => true,
  'expire' => 7200,
)
[ info ] [ LOG ] INIT File
[ error ] [401][E:\www\3Fire-API\application\api\service\Token.php:42]
---------------------------------------------------------------
[ 2017-12-26T16:27:42+08:00 ] 127.0.0.1 127.0.0.1 POST /api/user/info
[ info ] y.cn/api/user/info [运行时间：0.028044s][吞吐率：35.66req/s] [内存消耗：2,577.00kb] [文件加载：45]
[ info ] [ BEHAVIOR ] Run app\api\behavior\CORS @app_init [ RunTime:0.000534s ]
[ info ] [ LANG ] E:\www\3Fire-API\thinkphp\lang\zh-cn.php
[ info ] [ ROUTE ] array (
  'type' => 'module',
  'module' => 
  array (
    0 => 'api',
    1 => 'v1.User',
    2 => 'info',
  ),
  'convert' => false,
)
[ info ] [ HEADER ] array (
  'token' => 'f55b5ee2f9fce2952057b273cd7bc885',
  'cache-control' => 'no-cache',
  'postman-token' => 'b57f48bd-8619-4b5a-bef4-5d0f01da0900',
  'user-agent' => 'PostmanRuntime/7.1.1',
  'accept' => '*/*',
  'host' => 'y.cn',
  'cookie' => 'PHPSESSID=su9q6234b4u2782kkav09f3cc4',
  'accept-encoding' => 'gzip, deflate',
  'content-type' => 'multipart/form-data; boundary=--------------------------845167651809108051534878',
  'content-length' => '195',
  'connection' => 'keep-alive',
)
[ info ] [ PARAM ] array (
  'username' => 'b01f9d81e10e9ba16bf10d4faecec068',
)
[ info ] [ RUN ] app\api\controller\v1\User->info[ E:\www\3Fire-API\application\api\controller\v1\User.php ]
[ info ] [ SESSION ] INIT array (
  'prefix' => '3fire-api',
  'auto_start' => true,
  'expire' => 7200,
)
[ info ] [ LOG ] INIT File
[ error ] [401][E:\www\3Fire-API\application\api\service\Token.php:42]
---------------------------------------------------------------
[ 2017-12-26T16:27:47+08:00 ] 127.0.0.1 127.0.0.1 POST /api/user/info
[ info ] y.cn/api/user/info [运行时间：0.026603s][吞吐率：37.59req/s] [内存消耗：2,577.02kb] [文件加载：45]
[ info ] [ BEHAVIOR ] Run app\api\behavior\CORS @app_init [ RunTime:0.000556s ]
[ info ] [ LANG ] E:\www\3Fire-API\thinkphp\lang\zh-cn.php
[ info ] [ ROUTE ] array (
  'type' => 'module',
  'module' => 
  array (
    0 => 'api',
    1 => 'v1.User',
    2 => 'info',
  ),
  'convert' => false,
)
[ info ] [ HEADER ] array (
  'token' => 'f55b5ee2f9fce2952057b273cd7bc885',
  'cache-control' => 'no-cache',
  'postman-token' => '4626231a-85bb-45c8-89ff-d9fb6b182b34',
  'user-agent' => 'PostmanRuntime/7.1.1',
  'accept' => '*/*',
  'host' => 'y.cn',
  'cookie' => 'PHPSESSID=su9q6234b4u2782kkav09f3cc4',
  'accept-encoding' => 'gzip, deflate',
  'content-type' => 'multipart/form-data; boundary=--------------------------750521064764033671311542',
  'content-length' => '192',
  'connection' => 'keep-alive',
)
[ info ] [ PARAM ] array (
  'token' => 'b01f9d81e10e9ba16bf10d4faecec068',
)
[ info ] [ RUN ] app\api\controller\v1\User->info[ E:\www\3Fire-API\application\api\controller\v1\User.php ]
[ info ] [ SESSION ] INIT array (
  'prefix' => '3fire-api',
  'auto_start' => true,
  'expire' => 7200,
)
[ info ] [ LOG ] INIT File
[ error ] [401][E:\www\3Fire-API\application\api\service\Token.php:42]
---------------------------------------------------------------
[ 2017-12-26T16:27:50+08:00 ] 127.0.0.1 127.0.0.1 POST /api/user/info
[ info ] y.cn/api/user/info [运行时间：0.032950s][吞吐率：30.35req/s] [内存消耗：2,577.02kb] [文件加载：45]
[ info ] [ BEHAVIOR ] Run app\api\behavior\CORS @app_init [ RunTime:0.000857s ]
[ info ] [ LANG ] E:\www\3Fire-API\thinkphp\lang\zh-cn.php
[ info ] [ ROUTE ] array (
  'type' => 'module',
  'module' => 
  array (
    0 => 'api',
    1 => 'v1.User',
    2 => 'info',
  ),
  'convert' => false,
)
[ info ] [ HEADER ] array (
  'token' => 'f55b5ee2f9fce2952057b273cd7bc885',
  'cache-control' => 'no-cache',
  'postman-token' => '6247cc94-b022-43a7-b40e-31d37529d1ff',
  'user-agent' => 'PostmanRuntime/7.1.1',
  'accept' => '*/*',
  'host' => 'y.cn',
  'cookie' => 'PHPSESSID=su9q6234b4u2782kkav09f3cc4',
  'accept-encoding' => 'gzip, deflate',
  'content-type' => 'multipart/form-data; boundary=--------------------------409675705192618657433967',
  'content-length' => '192',
  'connection' => 'keep-alive',
)
[ info ] [ PARAM ] array (
  'token' => 'b01f9d81e10e9ba16bf10d4faecec068',
)
[ info ] [ RUN ] app\api\controller\v1\User->info[ E:\www\3Fire-API\application\api\controller\v1\User.php ]
[ info ] [ SESSION ] INIT array (
  'prefix' => '3fire-api',
  'auto_start' => true,
  'expire' => 7200,
)
[ info ] [ LOG ] INIT File
[ error ] [401][E:\www\3Fire-API\application\api\service\Token.php:42]
---------------------------------------------------------------
[ 2017-12-26T16:28:32+08:00 ] 127.0.0.1 127.0.0.1 POST /api/user/info
[ info ] y.cn/api/user/info [运行时间：0.030888s][吞吐率：32.38req/s] [内存消耗：2,577.02kb] [文件加载：45]
[ info ] [ BEHAVIOR ] Run app\api\behavior\CORS @app_init [ RunTime:0.000893s ]
[ info ] [ LANG ] E:\www\3Fire-API\thinkphp\lang\zh-cn.php
[ info ] [ ROUTE ] array (
  'type' => 'module',
  'module' => 
  array (
    0 => 'api',
    1 => 'v1.User',
    2 => 'info',
  ),
  'convert' => false,
)
[ info ] [ HEADER ] array (
  'token' => 'f55b5ee2f9fce2952057b273cd7bc885',
  'cache-control' => 'no-cache',
  'postman-token' => 'd978f6e4-5a9f-48e8-8c9c-a7af671b4eec',
  'user-agent' => 'PostmanRuntime/7.1.1',
  'accept' => '*/*',
  'host' => 'y.cn',
  'cookie' => 'PHPSESSID=su9q6234b4u2782kkav09f3cc4',
  'accept-encoding' => 'gzip, deflate',
  'content-type' => 'multipart/form-data; boundary=--------------------------906917321557330389067224',
  'content-length' => '192',
  'connection' => 'keep-alive',
)
[ info ] [ PARAM ] array (
  'token' => 'b01f9d81e10e9ba16bf10d4faecec068',
)
[ info ] [ RUN ] app\api\controller\v1\User->info[ E:\www\3Fire-API\application\api\controller\v1\User.php ]
[ info ] [ SESSION ] INIT array (
  'prefix' => '3fire-api',
  'auto_start' => true,
  'expire' => 7200,
)
[ info ] [ LOG ] INIT File
[ error ] [401][E:\www\3Fire-API\application\api\service\Token.php:42]
---------------------------------------------------------------
[ 2017-12-26T16:30:33+08:00 ] 127.0.0.1 127.0.0.1 POST /api/user/login
[ info ] y.cn/api/user/login [运行时间：0.032518s][吞吐率：30.75req/s] [内存消耗：2,886.13kb] [文件加载：46]
[ info ] [ BEHAVIOR ] Run app\api\behavior\CORS @app_init [ RunTime:0.000730s ]
[ info ] [ LANG ] E:\www\3Fire-API\thinkphp\lang\zh-cn.php
[ info ] [ ROUTE ] array (
  'type' => 'module',
  'module' => 
  array (
    0 => 'api',
    1 => 'v1.User',
    2 => 'login',
  ),
  'convert' => false,
)
[ info ] [ HEADER ] array (
  'token' => 'f55b5ee2f9fce2952057b273cd7bc885',
  'cache-control' => 'no-cache',
  'postman-token' => '3a199f9d-a79b-4a5e-8697-91b0a183c05d',
  'user-agent' => 'PostmanRuntime/7.1.1',
  'accept' => '*/*',
  'host' => 'y.cn',
  'cookie' => 'PHPSESSID=su9q6234b4u2782kkav09f3cc4',
  'accept-encoding' => 'gzip, deflate',
  'content-type' => 'multipart/form-data; boundary=--------------------------322587269723871972808709',
  'content-length' => '192',
  'connection' => 'keep-alive',
)
[ info ] [ PARAM ] array (
  'token' => 'b01f9d81e10e9ba16bf10d4faecec068',
)
[ info ] [ RUN ] app\api\controller\v1\User->login[ E:\www\3Fire-API\application\api\controller\v1\User.php ]
[ info ] [ LOG ] INIT File
[ error ] [400][E:\www\3Fire-API\application\api\validate\BaseValidate.php:37]
---------------------------------------------------------------
[ 2017-12-26T16:30:48+08:00 ] 127.0.0.1 127.0.0.1 POST /api/user/login
[ info ] y.cn/api/user/login [运行时间：0.035596s][吞吐率：28.09req/s] [内存消耗：2,886.77kb] [文件加载：46]
[ info ] [ BEHAVIOR ] Run app\api\behavior\CORS @app_init [ RunTime:0.001221s ]
[ info ] [ LANG ] E:\www\3Fire-API\thinkphp\lang\zh-cn.php
[ info ] [ ROUTE ] array (
  'type' => 'module',
  'module' => 
  array (
    0 => 'api',
    1 => 'v1.User',
    2 => 'login',
  ),
  'convert' => false,
)
[ info ] [ HEADER ] array (
  'token' => 'ca146cbcef1ebb9cf011b71993b8525d',
  'cache-control' => 'no-cache',
  'postman-token' => '12ffb8fa-b4ef-4b1f-bbf9-77e685a1310c',
  'user-agent' => 'PostmanRuntime/7.1.1',
  'accept' => '*/*',
  'host' => 'y.cn',
  'cookie' => 'PHPSESSID=su9q6234b4u2782kkav09f3cc4',
  'accept-encoding' => 'gzip, deflate',
  'content-type' => 'multipart/form-data; boundary=--------------------------107819798698309669473076',
  'content-length' => '296',
  'connection' => 'keep-alive',
)
[ info ] [ PARAM ] array (
  'token' => '9f45ed3f60464e5b287d9f62cceb9084',
  'page' => '2',
)
[ info ] [ RUN ] app\api\controller\v1\User->login[ E:\www\3Fire-API\application\api\controller\v1\User.php ]
[ info ] [ LOG ] INIT File
[ error ] [400][E:\www\3Fire-API\application\api\validate\BaseValidate.php:37]
---------------------------------------------------------------
[ 2017-12-26T16:31:11+08:00 ] 127.0.0.1 127.0.0.1 POST /api/user/login
[ info ] y.cn/api/user/login [运行时间：0.029166s][吞吐率：34.29req/s] [内存消耗：2,886.13kb] [文件加载：46]
[ info ] [ BEHAVIOR ] Run app\api\behavior\CORS @app_init [ RunTime:0.000534s ]
[ info ] [ LANG ] E:\www\3Fire-API\thinkphp\lang\zh-cn.php
[ info ] [ ROUTE ] array (
  'type' => 'module',
  'module' => 
  array (
    0 => 'api',
    1 => 'v1.User',
    2 => 'login',
  ),
  'convert' => false,
)
[ info ] [ HEADER ] array (
  'token' => 'f55b5ee2f9fce2952057b273cd7bc885',
  'cache-control' => 'no-cache',
  'postman-token' => '453efe74-b9b5-4b26-a3fe-0c7ef4bbe2df',
  'user-agent' => 'PostmanRuntime/7.1.1',
  'accept' => '*/*',
  'host' => 'y.cn',
  'cookie' => 'PHPSESSID=su9q6234b4u2782kkav09f3cc4',
  'accept-encoding' => 'gzip, deflate',
  'content-type' => 'multipart/form-data; boundary=--------------------------042313777577133264086779',
  'content-length' => '192',
  'connection' => 'keep-alive',
)
[ info ] [ PARAM ] array (
  'token' => 'a8d4ada703e702612c082abe28959988',
)
[ info ] [ RUN ] app\api\controller\v1\User->login[ E:\www\3Fire-API\application\api\controller\v1\User.php ]
[ info ] [ LOG ] INIT File
[ error ] [400][E:\www\3Fire-API\application\api\validate\BaseValidate.php:37]
---------------------------------------------------------------
[ 2017-12-26T16:31:17+08:00 ] 127.0.0.1 127.0.0.1 POST /api/user/info
[ info ] y.cn/api/user/info [运行时间：0.026166s][吞吐率：38.22req/s] [内存消耗：2,577.94kb] [文件加载：45]
[ info ] [ BEHAVIOR ] Run app\api\behavior\CORS @app_init [ RunTime:0.000559s ]
[ info ] [ LANG ] E:\www\3Fire-API\thinkphp\lang\zh-cn.php
[ info ] [ ROUTE ] array (
  'type' => 'module',
  'module' => 
  array (
    0 => 'api',
    1 => 'v1.User',
    2 => 'info',
  ),
  'convert' => false,
)
[ info ] [ HEADER ] array (
  'token' => 'f55b5ee2f9fce2952057b273cd7bc885',
  'cache-control' => 'no-cache',
  'postman-token' => '200b9278-4686-4ff3-b9d6-ef6fae6b5461',
  'user-agent' => 'PostmanRuntime/7.1.1',
  'accept' => '*/*',
  'host' => 'y.cn',
  'cookie' => 'PHPSESSID=su9q6234b4u2782kkav09f3cc4',
  'accept-encoding' => 'gzip, deflate',
  'content-type' => 'multipart/form-data; boundary=--------------------------932425519186987771100027',
  'content-length' => '192',
  'connection' => 'keep-alive',
)
[ info ] [ PARAM ] array (
  'token' => 'a8d4ada703e702612c082abe28959988',
)
[ info ] [ RUN ] app\api\controller\v1\User->info[ E:\www\3Fire-API\application\api\controller\v1\User.php ]
[ info ] [ SESSION ] INIT array (
  'prefix' => '3fire-api',
  'auto_start' => true,
  'expire' => 7200,
)
[ info ] [ LOG ] INIT File
[ error ] [401][E:\www\3Fire-API\application\api\service\Token.php:42]
---------------------------------------------------------------
[ 2017-12-26T16:33:34+08:00 ] 127.0.0.1 127.0.0.1 POST /api/user/info
[ info ] y.cn/api/user/info [运行时间：0.027431s][吞吐率：36.46req/s] [内存消耗：2,578.28kb] [文件加载：45]
[ info ] [ BEHAVIOR ] Run app\api\behavior\CORS @app_init [ RunTime:0.000553s ]
[ info ] [ LANG ] E:\www\3Fire-API\thinkphp\lang\zh-cn.php
[ info ] [ ROUTE ] array (
  'type' => 'module',
  'module' => 
  array (
    0 => 'api',
    1 => 'v1.User',
    2 => 'info',
  ),
  'convert' => false,
)
[ info ] [ HEADER ] array (
  'token' => 'f55b5ee2f9fce2952057b273cd7bc885',
  'cache-control' => 'no-cache',
  'postman-token' => '29cb7932-aeb5-4e9e-af98-010b7e759e2c',
  'user-agent' => 'PostmanRuntime/7.1.1',
  'accept' => '*/*',
  'host' => 'y.cn',
  'cookie' => 'PHPSESSID=su9q6234b4u2782kkav09f3cc4',
  'accept-encoding' => 'gzip, deflate',
  'content-type' => 'multipart/form-data; boundary=--------------------------684512405425960582119658',
  'content-length' => '192',
  'connection' => 'keep-alive',
)
[ info ] [ PARAM ] array (
  'token' => 'a8d4ada703e702612c082abe28959988',
)
[ info ] [ RUN ] app\api\controller\v1\User->info[ E:\www\3Fire-API\application\api\controller\v1\User.php ]
[ info ] [ SESSION ] INIT array (
  'prefix' => '3fire-api',
  'auto_start' => true,
  'expire' => 7200,
)
[ info ] [ LOG ] INIT File
[ error ] [401][E:\www\3Fire-API\application\api\service\Token.php:42]
---------------------------------------------------------------
[ 2017-12-26T16:33:54+08:00 ] 127.0.0.1 127.0.0.1 POST /api/user/info
[ info ] y.cn/api/user/info [运行时间：0.026305s][吞吐率：38.02req/s] [内存消耗：2,578.07kb] [文件加载：45]
[ info ] [ BEHAVIOR ] Run app\api\behavior\CORS @app_init [ RunTime:0.000551s ]
[ info ] [ LANG ] E:\www\3Fire-API\thinkphp\lang\zh-cn.php
[ info ] [ ROUTE ] array (
  'type' => 'module',
  'module' => 
  array (
    0 => 'api',
    1 => 'v1.User',
    2 => 'info',
  ),
  'convert' => false,
)
[ info ] [ HEADER ] array (
  'token' => 'f55b5ee2f9fce2952057b273cd7bc885',
  'cache-control' => 'no-cache',
  'postman-token' => '08cad5a7-4680-4be5-9c3b-2509b99f0ef7',
  'user-agent' => 'PostmanRuntime/7.1.1',
  'accept' => '*/*',
  'host' => 'y.cn',
  'cookie' => 'PHPSESSID=su9q6234b4u2782kkav09f3cc4',
  'accept-encoding' => 'gzip, deflate',
  'content-type' => 'multipart/form-data; boundary=--------------------------484793370534481963258816',
  'content-length' => '192',
  'connection' => 'keep-alive',
)
[ info ] [ PARAM ] array (
  'token' => 'a8d4ada703e702612c082abe28959988',
)
[ info ] [ RUN ] app\api\controller\v1\User->info[ E:\www\3Fire-API\application\api\controller\v1\User.php ]
[ info ] [ SESSION ] INIT array (
  'prefix' => '3fire-api',
  'auto_start' => true,
  'expire' => 7200,
)
[ info ] [ LOG ] INIT File
[ error ] [401][E:\www\3Fire-API\application\api\service\Token.php:42]
---------------------------------------------------------------
[ 2017-12-26T16:34:39+08:00 ] 127.0.0.1 127.0.0.1 POST /api/user/info
[ info ] y.cn/api/user/info [运行时间：0.026769s][吞吐率：37.36req/s] [内存消耗：2,578.20kb] [文件加载：45]
[ info ] [ BEHAVIOR ] Run app\api\behavior\CORS @app_init [ RunTime:0.000588s ]
[ info ] [ LANG ] E:\www\3Fire-API\thinkphp\lang\zh-cn.php
[ info ] [ ROUTE ] array (
  'type' => 'module',
  'module' => 
  array (
    0 => 'api',
    1 => 'v1.User',
    2 => 'info',
  ),
  'convert' => false,
)
[ info ] [ HEADER ] array (
  'token' => 'f55b5ee2f9fce2952057b273cd7bc885',
  'cache-control' => 'no-cache',
  'postman-token' => '02fa30d4-8813-480b-8c66-240e959c96e3',
  'user-agent' => 'PostmanRuntime/7.1.1',
  'accept' => '*/*',
  'host' => 'y.cn',
  'cookie' => 'PHPSESSID=su9q6234b4u2782kkav09f3cc4',
  'accept-encoding' => 'gzip, deflate',
  'content-type' => 'multipart/form-data; boundary=--------------------------452855344085943972971048',
  'content-length' => '0',
  'connection' => 'keep-alive',
)
[ info ] [ PARAM ] array (
)
[ info ] [ RUN ] app\api\controller\v1\User->info[ E:\www\3Fire-API\application\api\controller\v1\User.php ]
[ info ] [ SESSION ] INIT array (
  'prefix' => '3fire-api',
  'auto_start' => true,
  'expire' => 7200,
)
[ info ] [ LOG ] INIT File
[ error ] [401][E:\www\3Fire-API\application\api\service\Token.php:42]
---------------------------------------------------------------
[ 2017-12-26T16:38:31+08:00 ] 127.0.0.1 127.0.0.1 POST /api/user/info
[ info ] y.cn/api/user/info [运行时间：0.029811s][吞吐率：33.54req/s] [内存消耗：2,580.70kb] [文件加载：45]
[ info ] [ BEHAVIOR ] Run app\api\behavior\CORS @app_init [ RunTime:0.000736s ]
[ info ] [ LANG ] E:\www\3Fire-API\thinkphp\lang\zh-cn.php
[ info ] [ ROUTE ] array (
  'type' => 'module',
  'module' => 
  array (
    0 => 'api',
    1 => 'v1.User',
    2 => 'info',
  ),
  'convert' => false,
)
[ info ] [ HEADER ] array (
  'token' => 'a8d4ada703e702612c082abe28959',
  'cache-control' => 'no-cache',
  'postman-token' => '264af491-80c3-41f5-bb82-d56999dddb65',
  'user-agent' => 'PostmanRuntime/7.1.1',
  'accept' => '*/*',
  'host' => 'y.cn',
  'cookie' => 'PHPSESSID=su9q6234b4u2782kkav09f3cc4',
  'accept-encoding' => 'gzip, deflate',
  'content-type' => 'multipart/form-data; boundary=--------------------------831349850690788387269385',
  'content-length' => '0',
  'connection' => 'keep-alive',
)
[ info ] [ PARAM ] array (
)
[ info ] [ RUN ] app\api\controller\v1\User->info[ E:\www\3Fire-API\application\api\controller\v1\User.php ]
[ info ] [ SESSION ] INIT array (
  'prefix' => '3fire-api',
  'auto_start' => true,
  'expire' => 7200,
)
[ info ] [ LOG ] INIT File
[ error ] [401][E:\www\3Fire-API\application\api\service\Token.php:42]
---------------------------------------------------------------
[ 2017-12-26T16:41:58+08:00 ] 127.0.0.1 127.0.0.1 POST /api/user/info
[ info ] y.cn/api/user/info [运行时间：0.026688s][吞吐率：37.47req/s] [内存消耗：2,569.09kb] [文件加载：44]
[ info ] [ BEHAVIOR ] Run app\api\behavior\CORS @app_init [ RunTime:0.000575s ]
[ info ] [ LANG ] E:\www\3Fire-API\thinkphp\lang\zh-cn.php
[ info ] [ ROUTE ] array (
  'type' => 'module',
  'module' => 
  array (
    0 => 'api',
    1 => 'v1.User',
    2 => 'info',
  ),
  'convert' => false,
)
[ info ] [ HEADER ] array (
  'token' => 'a8d4ada703e702612c082abe28959',
  'cache-control' => 'no-cache',
  'postman-token' => '4eda5ab3-fd83-4d19-a532-c51a42ace57a',
  'user-agent' => 'PostmanRuntime/7.1.1',
  'accept' => '*/*',
  'host' => 'y.cn',
  'cookie' => 'PHPSESSID=su9q6234b4u2782kkav09f3cc4',
  'accept-encoding' => 'gzip, deflate',
  'content-type' => 'multipart/form-data; boundary=--------------------------883753992827789457415495',
  'content-length' => '0',
  'connection' => 'keep-alive',
)
[ info ] [ PARAM ] array (
)
[ info ] [ SESSION ] INIT array (
  'prefix' => '3fire-api',
  'auto_start' => true,
  'expire' => 7200,
)
[ info ] [ LOG ] INIT File
[ error ] [401][E:\www\3Fire-API\application\api\service\Token.php:42]
---------------------------------------------------------------
[ 2017-12-26T16:41:59+08:00 ] 127.0.0.1 127.0.0.1 POST /api/user/info
[ info ] y.cn/api/user/info [运行时间：0.026678s][吞吐率：37.48req/s] [内存消耗：2,569.09kb] [文件加载：44]
[ info ] [ BEHAVIOR ] Run app\api\behavior\CORS @app_init [ RunTime:0.000553s ]
[ info ] [ LANG ] E:\www\3Fire-API\thinkphp\lang\zh-cn.php
[ info ] [ ROUTE ] array (
  'type' => 'module',
  'module' => 
  array (
    0 => 'api',
    1 => 'v1.User',
    2 => 'info',
  ),
  'convert' => false,
)
[ info ] [ HEADER ] array (
  'token' => 'a8d4ada703e702612c082abe28959',
  'cache-control' => 'no-cache',
  'postman-token' => '8769fb16-5580-4ead-8472-6d0e60ac7558',
  'user-agent' => 'PostmanRuntime/7.1.1',
  'accept' => '*/*',
  'host' => 'y.cn',
  'cookie' => 'PHPSESSID=su9q6234b4u2782kkav09f3cc4',
  'accept-encoding' => 'gzip, deflate',
  'content-type' => 'multipart/form-data; boundary=--------------------------002758930318677623477658',
  'content-length' => '0',
  'connection' => 'keep-alive',
)
[ info ] [ PARAM ] array (
)
[ info ] [ SESSION ] INIT array (
  'prefix' => '3fire-api',
  'auto_start' => true,
  'expire' => 7200,
)
[ info ] [ LOG ] INIT File
[ error ] [401][E:\www\3Fire-API\application\api\service\Token.php:42]
---------------------------------------------------------------
[ 2017-12-26T16:44:09+08:00 ] 127.0.0.1 127.0.0.1 POST /api/user/info
[ info ] y.cn/api/user/info [运行时间：0.026705s][吞吐率：37.45req/s] [内存消耗：2,571.92kb] [文件加载：45]
[ info ] [ BEHAVIOR ] Run app\api\behavior\CORS @app_init [ RunTime:0.000866s ]
[ info ] [ LANG ] E:\www\3Fire-API\thinkphp\lang\zh-cn.php
[ info ] [ ROUTE ] array (
  'type' => 'module',
  'module' => 
  array (
    0 => 'api',
    1 => 'v1.User',
    2 => 'info',
  ),
  'convert' => false,
)
[ info ] [ HEADER ] array (
  'token' => '052da98b4f7b638188af109099d38ece',
  'cache-control' => 'no-cache',
  'postman-token' => '2316332a-19a9-4397-bb75-54c7cafcf602',
  'user-agent' => 'PostmanRuntime/7.1.1',
  'accept' => '*/*',
  'host' => 'y.cn',
  'cookie' => 'PHPSESSID=su9q6234b4u2782kkav09f3cc4',
  'accept-encoding' => 'gzip, deflate',
  'content-type' => 'multipart/form-data; boundary=--------------------------176455762318165582220937',
  'content-length' => '0',
  'connection' => 'keep-alive',
)
[ info ] [ PARAM ] array (
)
[ info ] [ SESSION ] INIT array (
  'prefix' => '3fire-api',
  'auto_start' => true,
  'expire' => 7200,
)
[ info ] [ LOG ] INIT File
[ error ] [403][E:\www\3Fire-API\application\api\service\Token.php:131]
---------------------------------------------------------------
[ 2017-12-26T16:44:10+08:00 ] 127.0.0.1 127.0.0.1 POST /api/user/info
[ info ] y.cn/api/user/info [运行时间：0.027495s][吞吐率：36.37req/s] [内存消耗：2,571.92kb] [文件加载：45]
[ info ] [ BEHAVIOR ] Run app\api\behavior\CORS @app_init [ RunTime:0.000528s ]
[ info ] [ LANG ] E:\www\3Fire-API\thinkphp\lang\zh-cn.php
[ info ] [ ROUTE ] array (
  'type' => 'module',
  'module' => 
  array (
    0 => 'api',
    1 => 'v1.User',
    2 => 'info',
  ),
  'convert' => false,
)
[ info ] [ HEADER ] array (
  'token' => '052da98b4f7b638188af109099d38ece',
  'cache-control' => 'no-cache',
  'postman-token' => 'a50e5d72-b47f-4dc8-814a-4beba27bc94b',
  'user-agent' => 'PostmanRuntime/7.1.1',
  'accept' => '*/*',
  'host' => 'y.cn',
  'cookie' => 'PHPSESSID=su9q6234b4u2782kkav09f3cc4',
  'accept-encoding' => 'gzip, deflate',
  'content-type' => 'multipart/form-data; boundary=--------------------------521530840511472242941156',
  'content-length' => '0',
  'connection' => 'keep-alive',
)
[ info ] [ PARAM ] array (
)
[ info ] [ SESSION ] INIT array (
  'prefix' => '3fire-api',
  'auto_start' => true,
  'expire' => 7200,
)
[ info ] [ LOG ] INIT File
[ error ] [403][E:\www\3Fire-API\application\api\service\Token.php:131]
---------------------------------------------------------------
[ 2017-12-26T16:44:34+08:00 ] 127.0.0.1 127.0.0.1 POST /api/user/info
[ info ] y.cn/api/user/info [运行时间：0.028308s][吞吐率：35.33req/s] [内存消耗：2,559.43kb] [文件加载：43]
[ info ] [ BEHAVIOR ] Run app\api\behavior\CORS @app_init [ RunTime:0.000543s ]
[ info ] [ LANG ] E:\www\3Fire-API\thinkphp\lang\zh-cn.php
[ info ] [ ROUTE ] array (
  'type' => 'module',
  'module' => 
  array (
    0 => 'api',
    1 => 'v1.User',
    2 => 'info',
  ),
  'convert' => false,
)
[ info ] [ HEADER ] array (
  'cache-control' => 'no-cache',
  'postman-token' => '5eafdf37-fa43-4700-aeff-b0dfcb6f6afd',
  'user-agent' => 'PostmanRuntime/7.1.1',
  'accept' => '*/*',
  'host' => 'y.cn',
  'cookie' => 'PHPSESSID=su9q6234b4u2782kkav09f3cc4',
  'accept-encoding' => 'gzip, deflate',
  'content-type' => 'multipart/form-data; boundary=--------------------------467110867465208443297267',
  'content-length' => '0',
  'connection' => 'keep-alive',
)
[ info ] [ PARAM ] array (
)
[ info ] [ RUN ] app\api\controller\v1\User->info[ E:\www\3Fire-API\application\api\controller\v1\User.php ]
[ info ] [ SESSION ] INIT array (
  'prefix' => '3fire-api',
  'auto_start' => true,
  'expire' => 7200,
)
[ info ] [ LOG ] INIT File
[ error ] [0]尝试获取的Token变量并不存在[E:\www\3Fire-API\application\api\service\Token.php:50]
---------------------------------------------------------------
[ 2017-12-26T16:46:49+08:00 ] 127.0.0.1 127.0.0.1 POST /api/user/info
[ info ] y.cn/api/user/info [运行时间：0.032778s][吞吐率：30.51req/s] [内存消耗：2,586.70kb] [文件加载：45]
[ info ] [ BEHAVIOR ] Run app\api\behavior\CORS @app_init [ RunTime:0.000607s ]
[ info ] [ LANG ] E:\www\3Fire-API\thinkphp\lang\zh-cn.php
[ info ] [ ROUTE ] array (
  'type' => 'module',
  'module' => 
  array (
    0 => 'api',
    1 => 'v1.User',
    2 => 'info',
  ),
  'convert' => false,
)
[ info ] [ HEADER ] array (
  'cache-control' => 'no-cache',
  'postman-token' => '329ae20b-f1bc-4eaf-b041-80cc3649db1c',
  'user-agent' => 'PostmanRuntime/7.1.1',
  'accept' => '*/*',
  'host' => 'y.cn',
  'cookie' => 'PHPSESSID=su9q6234b4u2782kkav09f3cc4',
  'accept-encoding' => 'gzip, deflate',
  'content-type' => 'multipart/form-data; boundary=--------------------------158751246616035502141251',
  'content-length' => '0',
  'connection' => 'keep-alive',
)
[ info ] [ PARAM ] array (
)
[ info ] [ RUN ] app\api\controller\v1\User->info[ E:\www\3Fire-API\application\api\controller\v1\User.php ]
[ info ] [ SESSION ] INIT array (
  'prefix' => '3fire-api',
  'auto_start' => true,
  'expire' => 7200,
)
[ info ] [ LOG ] INIT File
[ error ] [401][E:\www\3Fire-API\application\api\service\Token.php:50]
---------------------------------------------------------------
[ 2017-12-26T16:47:05+08:00 ] 127.0.0.1 127.0.0.1 POST /api/user/info
[ info ] y.cn/api/user/info [运行时间：0.026773s][吞吐率：37.35req/s] [内存消耗：2,586.84kb] [文件加载：45]
[ info ] [ BEHAVIOR ] Run app\api\behavior\CORS @app_init [ RunTime:0.000535s ]
[ info ] [ LANG ] E:\www\3Fire-API\thinkphp\lang\zh-cn.php
[ info ] [ ROUTE ] array (
  'type' => 'module',
  'module' => 
  array (
    0 => 'api',
    1 => 'v1.User',
    2 => 'info',
  ),
  'convert' => false,
)
[ info ] [ HEADER ] array (
  'cache-control' => 'no-cache',
  'postman-token' => '9ce9b863-a587-4377-b2b4-edbde58b3a40',
  'user-agent' => 'PostmanRuntime/7.1.1',
  'accept' => '*/*',
  'host' => 'y.cn',
  'cookie' => 'PHPSESSID=su9q6234b4u2782kkav09f3cc4',
  'accept-encoding' => 'gzip, deflate',
  'content-type' => 'multipart/form-data; boundary=--------------------------878663418079430548530903',
  'content-length' => '0',
  'connection' => 'keep-alive',
)
[ info ] [ PARAM ] array (
)
[ info ] [ RUN ] app\api\controller\v1\User->info[ E:\www\3Fire-API\application\api\controller\v1\User.php ]
[ info ] [ SESSION ] INIT array (
  'prefix' => '3fire-api',
  'auto_start' => true,
  'expire' => 7200,
)
[ info ] [ LOG ] INIT File
[ error ] [401][E:\www\3Fire-API\application\api\service\Token.php:50]
---------------------------------------------------------------
[ 2017-12-26T16:48:03+08:00 ] 127.0.0.1 127.0.0.1 POST /api/user/info
[ info ] y.cn/api/user/info [运行时间：0.032063s][吞吐率：31.19req/s] [内存消耗：2,580.15kb] [文件加载：45]
[ info ] [ BEHAVIOR ] Run app\api\behavior\CORS @app_init [ RunTime:0.000561s ]
[ info ] [ LANG ] E:\www\3Fire-API\thinkphp\lang\zh-cn.php
[ info ] [ ROUTE ] array (
  'type' => 'module',
  'module' => 
  array (
    0 => 'api',
    1 => 'v1.User',
    2 => 'info',
  ),
  'convert' => false,
)
[ info ] [ HEADER ] array (
  'token' => '052da98b4f7b638188af109099d38ece',
  'cache-control' => 'no-cache',
  'postman-token' => '6aa96018-ad21-4d7c-8d41-389f85a20388',
  'user-agent' => 'PostmanRuntime/7.1.1',
  'accept' => '*/*',
  'host' => 'y.cn',
  'cookie' => 'PHPSESSID=su9q6234b4u2782kkav09f3cc4',
  'accept-encoding' => 'gzip, deflate',
  'content-type' => 'multipart/form-data; boundary=--------------------------879967961986279568781546',
  'content-length' => '0',
  'connection' => 'keep-alive',
)
[ info ] [ PARAM ] array (
)
[ info ] [ RUN ] app\api\controller\v1\User->info[ E:\www\3Fire-API\application\api\controller\v1\User.php ]
[ info ] [ SESSION ] INIT array (
  'prefix' => '3fire-api',
  'auto_start' => true,
  'expire' => 7200,
)
[ info ] [ LOG ] INIT File
[ error ] [401][E:\www\3Fire-API\application\api\service\Token.php:42]
---------------------------------------------------------------
[ 2017-12-26T16:54:30+08:00 ] 127.0.0.1 127.0.0.1 POST /api/user/info
[ info ] y.cn/api/user/info [运行时间：0.036838s][吞吐率：27.15req/s] [内存消耗：2,578.70kb] [文件加载：45]
[ info ] [ BEHAVIOR ] Run app\api\behavior\CORS @app_init [ RunTime:0.000809s ]
[ info ] [ LANG ] E:\www\3Fire-API\thinkphp\lang\zh-cn.php
[ info ] [ ROUTE ] array (
  'type' => 'module',
  'module' => 
  array (
    0 => 'api',
    1 => 'v1.User',
    2 => 'info',
  ),
  'convert' => false,
)
[ info ] [ HEADER ] array (
  'token' => '052da98b4f7b638188af109099d38ece',
  'cache-control' => 'no-cache',
  'postman-token' => '139f0b96-9ba6-4ddd-86af-f979548f80f0',
  'user-agent' => 'PostmanRuntime/7.1.1',
  'accept' => '*/*',
  'host' => 'y.cn',
  'cookie' => 'PHPSESSID=su9q6234b4u2782kkav09f3cc4',
  'accept-encoding' => 'gzip, deflate',
  'content-type' => 'multipart/form-data; boundary=--------------------------063547337455352245708262',
  'content-length' => '0',
  'connection' => 'keep-alive',
)
[ info ] [ PARAM ] array (
)
[ info ] [ RUN ] app\api\controller\v1\User->info[ E:\www\3Fire-API\application\api\controller\v1\User.php ]
[ info ] [ SESSION ] INIT array (
  'prefix' => '3fire-api',
  'auto_start' => true,
  'expire' => 7200,
)
[ info ] [ LOG ] INIT File
[ error ] [401][E:\www\3Fire-API\application\api\service\Token.php:42]
---------------------------------------------------------------
[ 2017-12-26T16:55:20+08:00 ] 127.0.0.1 127.0.0.1 POST /api/user/info
[ info ] y.cn/api/user/info [运行时间：0.026688s][吞吐率：37.47req/s] [内存消耗：2,580.23kb] [文件加载：45]
[ info ] [ BEHAVIOR ] Run app\api\behavior\CORS @app_init [ RunTime:0.000545s ]
[ info ] [ LANG ] E:\www\3Fire-API\thinkphp\lang\zh-cn.php
[ info ] [ ROUTE ] array (
  'type' => 'module',
  'module' => 
  array (
    0 => 'api',
    1 => 'v1.User',
    2 => 'info',
  ),
  'convert' => false,
)
[ info ] [ HEADER ] array (
  'token' => 'ad0a716072b23da0e45a0a0db36c85ae',
  'cache-control' => 'no-cache',
  'postman-token' => '6ec1f895-4088-4ba6-b2f5-1b215a6c0578',
  'user-agent' => 'PostmanRuntime/7.1.1',
  'accept' => '*/*',
  'host' => 'y.cn',
  'cookie' => 'PHPSESSID=su9q6234b4u2782kkav09f3cc4',
  'accept-encoding' => 'gzip, deflate',
  'content-type' => 'multipart/form-data; boundary=--------------------------405439394252721176001269',
  'content-length' => '0',
  'connection' => 'keep-alive',
)
[ info ] [ PARAM ] array (
)
[ info ] [ RUN ] app\api\controller\v1\User->info[ E:\www\3Fire-API\application\api\controller\v1\User.php ]
[ info ] [ SESSION ] INIT array (
  'prefix' => '3fire-api',
  'auto_start' => true,
  'expire' => 7200,
)
[ info ] [ LOG ] INIT File
[ error ] [401][E:\www\3Fire-API\application\api\service\Token.php:42]
---------------------------------------------------------------
[ 2017-12-26T16:56:03+08:00 ] 127.0.0.1 127.0.0.1 POST /api/user/info
[ info ] y.cn/api/user/info [运行时间：0.035294s][吞吐率：28.33req/s] [内存消耗：2,580.14kb] [文件加载：45]
[ info ] [ BEHAVIOR ] Run app\api\behavior\CORS @app_init [ RunTime:0.000710s ]
[ info ] [ LANG ] E:\www\3Fire-API\thinkphp\lang\zh-cn.php
[ info ] [ ROUTE ] array (
  'type' => 'module',
  'module' => 
  array (
    0 => 'api',
    1 => 'v1.User',
    2 => 'info',
  ),
  'convert' => false,
)
[ info ] [ HEADER ] array (
  'token' => '9b4ba85ce0406b271ab8909ffc728cc8',
  'cache-control' => 'no-cache',
  'postman-token' => '1be196c2-9d54-498d-986b-4999b3dacee3',
  'user-agent' => 'PostmanRuntime/7.1.1',
  'accept' => '*/*',
  'host' => 'y.cn',
  'cookie' => 'PHPSESSID=su9q6234b4u2782kkav09f3cc4',
  'accept-encoding' => 'gzip, deflate',
  'content-type' => 'multipart/form-data; boundary=--------------------------904428845677043596943619',
  'content-length' => '0',
  'connection' => 'keep-alive',
)
[ info ] [ PARAM ] array (
)
[ info ] [ RUN ] app\api\controller\v1\User->info[ E:\www\3Fire-API\application\api\controller\v1\User.php ]
[ info ] [ SESSION ] INIT array (
  'prefix' => '3fire-api',
  'auto_start' => true,
  'expire' => 7200,
)
[ info ] [ LOG ] INIT File
[ error ] [401][E:\www\3Fire-API\application\api\service\Token.php:42]
---------------------------------------------------------------
[ 2017-12-26T16:56:05+08:00 ] 127.0.0.1 127.0.0.1 POST /api/user/info
[ info ] y.cn/api/user/info [运行时间：0.035828s][吞吐率：27.91req/s] [内存消耗：2,580.14kb] [文件加载：45]
[ info ] [ BEHAVIOR ] Run app\api\behavior\CORS @app_init [ RunTime:0.000684s ]
[ info ] [ LANG ] E:\www\3Fire-API\thinkphp\lang\zh-cn.php
[ info ] [ ROUTE ] array (
  'type' => 'module',
  'module' => 
  array (
    0 => 'api',
    1 => 'v1.User',
    2 => 'info',
  ),
  'convert' => false,
)
[ info ] [ HEADER ] array (
  'token' => '9b4ba85ce0406b271ab8909ffc728cc8',
  'cache-control' => 'no-cache',
  'postman-token' => '29d033ae-c062-4a84-954c-59d63cfad8e6',
  'user-agent' => 'PostmanRuntime/7.1.1',
  'accept' => '*/*',
  'host' => 'y.cn',
  'cookie' => 'PHPSESSID=su9q6234b4u2782kkav09f3cc4',
  'accept-encoding' => 'gzip, deflate',
  'content-type' => 'multipart/form-data; boundary=--------------------------683966023723288827733331',
  'content-length' => '0',
  'connection' => 'keep-alive',
)
[ info ] [ PARAM ] array (
)
[ info ] [ RUN ] app\api\controller\v1\User->info[ E:\www\3Fire-API\application\api\controller\v1\User.php ]
[ info ] [ SESSION ] INIT array (
  'prefix' => '3fire-api',
  'auto_start' => true,
  'expire' => 7200,
)
[ info ] [ LOG ] INIT File
[ error ] [401][E:\www\3Fire-API\application\api\service\Token.php:42]
---------------------------------------------------------------
[ 2017-12-26T16:57:31+08:00 ] 127.0.0.1 127.0.0.1 POST /api/user/logout
[ info ] y.cn/api/user/logout [运行时间：0.027739s][吞吐率：36.05req/s] [内存消耗：2,581.38kb] [文件加载：45]
[ info ] [ BEHAVIOR ] Run app\api\behavior\CORS @app_init [ RunTime:0.000580s ]
[ info ] [ LANG ] E:\www\3Fire-API\thinkphp\lang\zh-cn.php
[ info ] [ ROUTE ] array (
  'type' => 'module',
  'module' => 
  array (
    0 => 'api',
    1 => 'v1.User',
    2 => 'logout',
  ),
  'convert' => false,
)
[ info ] [ HEADER ] array (
  'token' => '3dc141c1a8fbb4a4430e0150e4f70a37',
  'cache-control' => 'no-cache',
  'postman-token' => 'a464a17f-2445-47a3-8fad-45f683926aee',
  'user-agent' => 'PostmanRuntime/7.1.1',
  'accept' => '*/*',
  'host' => 'y.cn',
  'cookie' => 'PHPSESSID=su9q6234b4u2782kkav09f3cc4',
  'accept-encoding' => 'gzip, deflate',
  'content-type' => 'multipart/form-data; boundary=--------------------------865701077927123211207550',
  'content-length' => '0',
  'connection' => 'keep-alive',
)
[ info ] [ PARAM ] array (
)
[ info ] [ RUN ] app\api\controller\v1\User->logout[ E:\www\3Fire-API\application\api\controller\v1\User.php ]
[ info ] [ SESSION ] INIT array (
  'prefix' => '3fire-api',
  'auto_start' => true,
  'expire' => 7200,
)
[ info ] [ LOG ] INIT File
[ error ] [201][E:\www\3Fire-API\application\api\controller\v1\User.php:49]
